2023-12-11 12:57:41,186 Serving on http://0.0.0.0:8443
2023-12-11 13:01:55,682 Starting new HTTPS connection (1): api.telegram.org:443
2023-12-11 13:01:56,721 https://api.telegram.org:443 "POST /bot6873085439:AAETGsFNiydy0irJHU2fqqbHeDruGMEEEw0/sendMessage?chat_id=6162560085&text=I+can+help+you+organize+and+manage+quiz.%0A%0AYou+can+control+me+by+sending+these+commands%3A%0A%0A%3Cb%3EOrganizing+Quiz%3C%2Fb%3E%0A%2Fnewquiz+-+organize+a+new+quiz.%0A%2Fskip+-+skip+description+of+a+quiz.%0A%2Fhelp+-+get+help.%0A%0A%3Cb%3EStart+Quiz%3C%2Fb%3E%0A%2Fstart_quiz+-+start+quiz.%0A%2Fstop+-+stop+quiz.%0A%2Fresult+-+show+result.%0A%0A%3Cb%3EWhat+you+will+need+in+order+to+organize+and+start+quiz.%3C%2Fb%3E%0A1.+File+%28csv+or+excel%29%0A2.+Key+-+you+will+get+after+organizing+quiz.%0A&parse_mode=html HTTP/1.1" 200 1099
2023-12-11 13:03:01,579 Starting new HTTPS connection (1): api.telegram.org:443
2023-12-11 13:03:02,502 https://api.telegram.org:443 "POST /bot6873085439:AAETGsFNiydy0irJHU2fqqbHeDruGMEEEw0/sendMessage?chat_id=6162560085&text=hello%2C+greetings+from+Disha+Quiz_Bot.&reply_to_message_id=6631 HTTP/1.1" 200 689
2023-12-11 13:03:02,937 https://api.telegram.org:443 "POST /bot6873085439:AAETGsFNiydy0irJHU2fqqbHeDruGMEEEw0/sendMessage?chat_id=6162560085&text=In+order+to+start+quiz+enter+key. HTTP/1.1" 200 303
2023-12-11 13:03:20,509 Starting new HTTPS connection (1): api.telegram.org:443
2023-12-11 13:03:21,342 https://api.telegram.org:443 "POST /bot6873085439:AAETGsFNiydy0irJHU2fqqbHeDruGMEEEw0/sendMessage?chat_id=6162560085&text=Key+Accepted. HTTP/1.1" 200 283
2023-12-11 13:03:21,805 https://api.telegram.org:443 "POST /bot6873085439:AAETGsFNiydy0irJHU2fqqbHeDruGMEEEw0/sendMessage?chat_id=6162560085&text=%0A++++++++++++++++%F0%9F%8E%B2+Get+ready+for+the+quiz+%3Cb%3E%27%E0%A4%AA%E0%A5%8B%E0%A4%B7%E0%A4%A3%3C%2Fb%3E%27%0A%0A%F0%9F%96%8A+%3Cb%3E50%3C%2Fb%3E+question%0A%E2%8F%B1+%3Cb%3E15%3C%2Fb%3E+seconds+per+question%0A%F0%9F%8F%81+Press+the+button+below+when+you+are+ready.%0ASend+%2Fstop+to+stop+it.&parse_mode=html HTTP/1.1" 200 650
2023-12-11 13:03:22,206 https://api.telegram.org:443 "POST /bot6873085439:AAETGsFNiydy0irJHU2fqqbHeDruGMEEEw0/sendMessage?chat_id=6162560085&text=The+quiz+will+start+in+%3Cb%3E10%3C%2Fb%3E+seconds.&parse_mode=html HTTP/1.1" 200 356
2023-12-11 13:03:23,677 https://api.telegram.org:443 "POST /bot6873085439:AAETGsFNiydy0irJHU2fqqbHeDruGMEEEw0/editMessageText?text=The+quiz+will+start+in+%3Cb%3E9%3C%2Fb%3E+seconds.&chat_id=6162560085&message_id=6637&parse_mode=html HTTP/1.1" 200 378
2023-12-11 13:03:25,097 https://api.telegram.org:443 "POST /bot6873085439:AAETGsFNiydy0irJHU2fqqbHeDruGMEEEw0/editMessageText?text=The+quiz+will+start+in+%3Cb%3E8%3C%2Fb%3E+seconds.&chat_id=6162560085&message_id=6637&parse_mode=html HTTP/1.1" 200 378
2023-12-11 13:03:26,617 https://api.telegram.org:443 "POST /bot6873085439:AAETGsFNiydy0irJHU2fqqbHeDruGMEEEw0/editMessageText?text=The+quiz+will+start+in+%3Cb%3E7%3C%2Fb%3E+seconds.&chat_id=6162560085&message_id=6637&parse_mode=html HTTP/1.1" 200 378
2023-12-11 13:03:28,069 https://api.telegram.org:443 "POST /bot6873085439:AAETGsFNiydy0irJHU2fqqbHeDruGMEEEw0/editMessageText?text=The+quiz+will+start+in+%3Cb%3E6%3C%2Fb%3E+seconds.&chat_id=6162560085&message_id=6637&parse_mode=html HTTP/1.1" 200 378
2023-12-11 13:03:29,588 https://api.telegram.org:443 "POST /bot6873085439:AAETGsFNiydy0irJHU2fqqbHeDruGMEEEw0/editMessageText?text=The+quiz+will+start+in+%3Cb%3E5%3C%2Fb%3E+seconds.&chat_id=6162560085&message_id=6637&parse_mode=html HTTP/1.1" 200 378
2023-12-11 13:03:31,009 https://api.telegram.org:443 "POST /bot6873085439:AAETGsFNiydy0irJHU2fqqbHeDruGMEEEw0/editMessageText?text=The+quiz+will+start+in+%3Cb%3E4%3C%2Fb%3E+seconds.&chat_id=6162560085&message_id=6637&parse_mode=html HTTP/1.1" 200 378
2023-12-11 13:03:32,449 https://api.telegram.org:443 "POST /bot6873085439:AAETGsFNiydy0irJHU2fqqbHeDruGMEEEw0/editMessageText?text=The+quiz+will+start+in+%3Cb%3E3%3C%2Fb%3E+seconds.&chat_id=6162560085&message_id=6637&parse_mode=html HTTP/1.1" 200 378
2023-12-11 13:03:33,882 https://api.telegram.org:443 "POST /bot6873085439:AAETGsFNiydy0irJHU2fqqbHeDruGMEEEw0/editMessageText?text=The+quiz+will+start+in+%3Cb%3E2%3C%2Fb%3E+seconds.&chat_id=6162560085&message_id=6637&parse_mode=html HTTP/1.1" 200 378
2023-12-11 13:03:35,305 https://api.telegram.org:443 "POST /bot6873085439:AAETGsFNiydy0irJHU2fqqbHeDruGMEEEw0/editMessageText?text=The+quiz+will+start+in+%3Cb%3E1%3C%2Fb%3E+seconds.&chat_id=6162560085&message_id=6637&parse_mode=html HTTP/1.1" 200 378
2023-12-11 13:03:36,739 https://api.telegram.org:443 "POST /bot6873085439:AAETGsFNiydy0irJHU2fqqbHeDruGMEEEw0/editMessageText?text=The+quiz+will+start+in+%3Cb%3E0%3C%2Fb%3E+seconds.&chat_id=6162560085&message_id=6637&parse_mode=html HTTP/1.1" 200 378
2023-12-11 13:03:38,174 https://api.telegram.org:443 "POST /bot6873085439:AAETGsFNiydy0irJHU2fqqbHeDruGMEEEw0/editMessageText?text=%3Cb%3EREADY+%F0%9F%9A%A5+%F0%9F%94%B4%3C%2Fb%3E&chat_id=6162560085&message_id=6637&parse_mode=html HTTP/1.1" 200 376
2023-12-11 13:03:39,754 https://api.telegram.org:443 "POST /bot6873085439:AAETGsFNiydy0irJHU2fqqbHeDruGMEEEw0/editMessageText?text=%3Cb%3ESET+%F0%9F%9A%A5+%F0%9F%9F%A1%3C%2Fb%3E&chat_id=6162560085&message_id=6637&parse_mode=html HTTP/1.1" 200 373
2023-12-11 13:03:41,185 https://api.telegram.org:443 "POST /bot6873085439:AAETGsFNiydy0irJHU2fqqbHeDruGMEEEw0/editMessageText?text=%3Cb%3EGO+%F0%9F%9A%A5+%F0%9F%9F%A2%3C%2Fb%3E&chat_id=6162560085&message_id=6637&parse_mode=html HTTP/1.1" 200 372
2023-12-11 13:03:41,595 https://api.telegram.org:443 "POST /bot6873085439:AAETGsFNiydy0irJHU2fqqbHeDruGMEEEw0/deleteMessage?chat_id=6162560085&message_id=6637 HTTP/1.1" 200 25
2023-12-11 13:03:42,062 https://api.telegram.org:443 "GET /bot6873085439:AAETGsFNiydy0irJHU2fqqbHeDruGMEEEw0/sendPoll?chat_id=6162560085&question=%5B1%2F50%5D++%E0%A4%AA%E0%A5%8D%E0%A4%B0%E0%A4%95%E0%A4%BE%E0%A4%B6+%E0%A4%B8%E0%A4%82%E0%A4%B6%E0%A5%8D%E0%A4%B2%E0%A5%87%E0%A4%B7%E0%A4%A3+%E0%A4%95%E0%A5%80+%E0%A4%95%E0%A5%8D%E0%A4%B0%E0%A4%BF%E0%A4%AF%E0%A4%BE+%E0%A4%B9%E0%A5%8B%E0%A4%A4%E0%A5%80+%E0%A4%B9%E0%A5%88&options=%5B%22%5Cu0915%5Cu0935%5Cu0915%5Cu094b%5Cu0902+%5Cu092e%5Cu0947%5Cu0902%22%2C%22%5Cu091c%5Cu0902%5Cu0924%5Cu0941%5Cu0913%5Cu0902+%5Cu092e%5Cu0947%5Cu0902%22%2C%22%5Cu0939%5Cu0930%5Cu0947+%5Cu092a%5Cu094c%5Cu0927%5Cu094b%5Cu0902+%5Cu092e%5Cu0947%5Cu0902%22%2C%22%5Cu092a%5Cu0930%5Cu091c%5Cu0940%5Cu0935%5Cu093f%5Cu092f%5Cu094b%5Cu0902+%5Cu092e%5Cu0947%5Cu0902%22%5D&is_anonymous=False&type=quiz&correct_option_id=2&open_period=15 HTTP/1.1" 200 1030
2023-12-11 13:04:02,493 https://api.telegram.org:443 "POST /bot6873085439:AAETGsFNiydy0irJHU2fqqbHeDruGMEEEw0/sendMessage?chat_id=6162560085&text=No+result+to+show.&parse_mode=html HTTP/1.1" 200 288
2023-12-11 13:16:26,553 Starting new HTTPS connection (1): api.telegram.org:443
2023-12-11 13:16:27,538 https://api.telegram.org:443 "POST /bot6873085439:AAETGsFNiydy0irJHU2fqqbHeDruGMEEEw0/sendMessage?chat_id=6162560085&text=I+can+help+you+organize+and+manage+quiz.%0A%0AYou+can+control+me+by+sending+these+commands%3A%0A%0A%3Cb%3EOrganizing+Quiz%3C%2Fb%3E%0A%2Fnewquiz+-+organize+a+new+quiz.%0A%2Fskip+-+skip+description+of+a+quiz.%0A%2Fhelp+-+get+help.%0A%0A%3Cb%3EStart+Quiz%3C%2Fb%3E%0A%2Fstart_quiz+-+start+quiz.%0A%2Fstop+-+stop+quiz.%0A%2Fresult+-+show+result.%0A%0A%3Cb%3EWhat+you+will+need+in+order+to+organize+and+start+quiz.%3C%2Fb%3E%0A1.+File+%28csv+or+excel%29%0A2.+Key+-+you+will+get+after+organizing+quiz.%0A&parse_mode=html HTTP/1.1" 200 1099
